03-14 14:42:46 com_github_MitjaNemec_Archive3DModels.action_archive_3d_models 238:Plugin executed on: 'win32'
03-14 14:42:46 com_github_MitjaNemec_Archive3DModels.action_archive_3d_models 239:Plugin executed with python version: '3.11.5 (main, Nov  6 2025, 07:48:09) [MSC v.1944 64 bit (AMD64)]'
03-14 14:42:46 com_github_MitjaNemec_Archive3DModels.action_archive_3d_models 240:KiCad build version: 9.0.7
03-14 14:42:46 com_github_MitjaNemec_Archive3DModels.action_archive_3d_models 241:Plugin version: 1.0.15
03-14 14:42:46 com_github_MitjaNemec_Archive3DModels.action_archive_3d_models 246:Screen sizes: [wx.Size(1920, 1200), wx.Size(3840, 2160)]
03-14 14:42:46 com_github_MitjaNemec_Archive3DModels.action_archive_3d_models 253:Dialog size: wx.Size(213, 81)
03-14 14:42:46 com_github_MitjaNemec_Archive3DModels.action_archive_3d_models 255:Char size: 25
03-14 14:42:48 com_github_MitjaNemec_Archive3DModels.archive_3d_models 30:Starting to archive 3D models
03-14 14:42:48 com_github_MitjaNemec_Archive3DModels.archive_3d_models 51:Getting 3D models for footprint of: L9
03-14 14:42:48 com_github_MitjaNemec_Archive3DModels.archive_3d_models 63:Trying to copy: ${KICAD9_3DMODEL_DIR}/LED_THT.3dshapes/LED_D5.0mm.step
03-14 14:42:48 com_github_MitjaNemec_Archive3DModels.archive_3d_models 150:Remapping: ${KICAD9_3DMODEL_DIR}/LED_THT.3dshapes/LED_D5.0mm.step
03-14 14:42:48 com_github_MitjaNemec_Archive3DModels.archive_3d_models 51:Getting 3D models for footprint of: L2
03-14 14:42:48 com_github_MitjaNemec_Archive3DModels.archive_3d_models 63:Trying to copy: ${KICAD9_3DMODEL_DIR}/LED_THT.3dshapes/LED_D5.0mm.step
03-14 14:42:48 com_github_MitjaNemec_Archive3DModels.archive_3d_models 146:Did not copy: ${KICAD9_3DMODEL_DIR}/LED_THT.3dshapes/LED_D5.0mm.step
03-14 14:42:48 com_github_MitjaNemec_Archive3DModels.archive_3d_models 150:Remapping: ${KICAD9_3DMODEL_DIR}/LED_THT.3dshapes/LED_D5.0mm.step
03-14 14:42:48 com_github_MitjaNemec_Archive3DModels.archive_3d_models 51:Getting 3D models for footprint of: R11
03-14 14:42:48 com_github_MitjaNemec_Archive3DModels.archive_3d_models 63:Trying to copy: C:/Users/zat/OneDrive/DOC/KiCad/9.0/3dmodels/RESISTORES/Resistor Axial 0.5W - Pitch 12.7mm (500mil) - Value 220R.STEP
03-14 14:42:48 com_github_MitjaNemec_Archive3DModels.archive_3d_models 150:Remapping: C:/Users/zat/OneDrive/DOC/KiCad/9.0/3dmodels/RESISTORES/Resistor Axial 0.5W - Pitch 12.7mm (500mil) - Value 220R.STEP
03-14 14:42:48 com_github_MitjaNemec_Archive3DModels.archive_3d_models 51:Getting 3D models for footprint of: R7
03-14 14:42:48 com_github_MitjaNemec_Archive3DModels.archive_3d_models 63:Trying to copy: C:/Users/zat/OneDrive/DOC/KiCad/9.0/3dmodels/RESISTORES/Resistor Axial 0.5W - Pitch 12.7mm (500mil) - Value 220R.STEP
03-14 14:42:48 com_github_MitjaNemec_Archive3DModels.archive_3d_models 150:Remapping: C:/Users/zat/OneDrive/DOC/KiCad/9.0/3dmodels/RESISTORES/Resistor Axial 0.5W - Pitch 12.7mm (500mil) - Value 220R.STEP
03-14 14:42:48 com_github_MitjaNemec_Archive3DModels.archive_3d_models 51:Getting 3D models for footprint of: R1
03-14 14:42:48 com_github_MitjaNemec_Archive3DModels.archive_3d_models 63:Trying to copy: C:/Users/zat/OneDrive/DOC/KiCad/9.0/3dmodels/RESISTORES/Resistor Axial 0.5W - Pitch 12.7mm (500mil) - Value 220R.STEP
03-14 14:42:48 com_github_MitjaNemec_Archive3DModels.archive_3d_models 150:Remapping: C:/Users/zat/OneDrive/DOC/KiCad/9.0/3dmodels/RESISTORES/Resistor Axial 0.5W - Pitch 12.7mm (500mil) - Value 220R.STEP
03-14 14:42:48 com_github_MitjaNemec_Archive3DModels.archive_3d_models 51:Getting 3D models for footprint of: R12
03-14 14:42:48 com_github_MitjaNemec_Archive3DModels.archive_3d_models 63:Trying to copy: C:/Users/zat/OneDrive/DOC/KiCad/9.0/3dmodels/RESISTORES/Resistor Axial 0.5W - Pitch 12.7mm (500mil) - Value 220R.STEP
03-14 14:42:48 com_github_MitjaNemec_Archive3DModels.archive_3d_models 150:Remapping: C:/Users/zat/OneDrive/DOC/KiCad/9.0/3dmodels/RESISTORES/Resistor Axial 0.5W - Pitch 12.7mm (500mil) - Value 220R.STEP
03-14 14:42:48 com_github_MitjaNemec_Archive3DModels.archive_3d_models 51:Getting 3D models for footprint of: B1
03-14 14:42:48 com_github_MitjaNemec_Archive3DModels.archive_3d_models 63:Trying to copy: C:/Users/zat/OneDrive/DOC/KiCad/9.0/3dmodels/PIN HEADER 90 GRAUS/PinHeader_6X1_right.stp
03-14 14:42:48 com_github_MitjaNemec_Archive3DModels.archive_3d_models 150:Remapping: C:/Users/zat/OneDrive/DOC/KiCad/9.0/3dmodels/PIN HEADER 90 GRAUS/PinHeader_6X1_right.stp
03-14 14:42:48 com_github_MitjaNemec_Archive3DModels.archive_3d_models 63:Trying to copy: C:/Users/zat/OneDrive/DOC/KiCad/9.0/3dmodels/PIN HEADER 90 GRAUS/PinHeader_7X1_right .stp
03-14 14:42:48 com_github_MitjaNemec_Archive3DModels.archive_3d_models 150:Remapping: C:/Users/zat/OneDrive/DOC/KiCad/9.0/3dmodels/PIN HEADER 90 GRAUS/PinHeader_7X1_right .stp
03-14 14:42:48 com_github_MitjaNemec_Archive3DModels.archive_3d_models 51:Getting 3D models for footprint of: L10
03-14 14:42:48 com_github_MitjaNemec_Archive3DModels.archive_3d_models 63:Trying to copy: ${KICAD9_3DMODEL_DIR}/LED_THT.3dshapes/LED_D5.0mm.step
03-14 14:42:48 com_github_MitjaNemec_Archive3DModels.archive_3d_models 146:Did not copy: ${KICAD9_3DMODEL_DIR}/LED_THT.3dshapes/LED_D5.0mm.step
03-14 14:42:48 com_github_MitjaNemec_Archive3DModels.archive_3d_models 150:Remapping: ${KICAD9_3DMODEL_DIR}/LED_THT.3dshapes/LED_D5.0mm.step
03-14 14:42:48 com_github_MitjaNemec_Archive3DModels.archive_3d_models 51:Getting 3D models for footprint of: G***
03-14 14:42:48 com_github_MitjaNemec_Archive3DModels.archive_3d_models 51:Getting 3D models for footprint of: G***
03-14 14:42:48 com_github_MitjaNemec_Archive3DModels.archive_3d_models 51:Getting 3D models for footprint of: R3
03-14 14:42:48 com_github_MitjaNemec_Archive3DModels.archive_3d_models 63:Trying to copy: C:/Users/zat/OneDrive/DOC/KiCad/9.0/3dmodels/RESISTORES/Resistor Axial 0.5W - Pitch 12.7mm (500mil) - Value 220R.STEP
03-14 14:42:48 com_github_MitjaNemec_Archive3DModels.archive_3d_models 150:Remapping: C:/Users/zat/OneDrive/DOC/KiCad/9.0/3dmodels/RESISTORES/Resistor Axial 0.5W - Pitch 12.7mm (500mil) - Value 220R.STEP
03-14 14:42:48 com_github_MitjaNemec_Archive3DModels.archive_3d_models 51:Getting 3D models for footprint of: L5
03-14 14:42:48 com_github_MitjaNemec_Archive3DModels.archive_3d_models 63:Trying to copy: ${KICAD9_3DMODEL_DIR}/LED_THT.3dshapes/LED_D5.0mm.step
03-14 14:42:48 com_github_MitjaNemec_Archive3DModels.archive_3d_models 146:Did not copy: ${KICAD9_3DMODEL_DIR}/LED_THT.3dshapes/LED_D5.0mm.step
03-14 14:42:48 com_github_MitjaNemec_Archive3DModels.archive_3d_models 150:Remapping: ${KICAD9_3DMODEL_DIR}/LED_THT.3dshapes/LED_D5.0mm.step
03-14 14:42:48 com_github_MitjaNemec_Archive3DModels.archive_3d_models 51:Getting 3D models for footprint of: R8
03-14 14:42:48 com_github_MitjaNemec_Archive3DModels.archive_3d_models 63:Trying to copy: C:/Users/zat/OneDrive/DOC/KiCad/9.0/3dmodels/RESISTORES/Resistor Axial 0.5W - Pitch 12.7mm (500mil) - Value 220R.STEP
03-14 14:42:48 com_github_MitjaNemec_Archive3DModels.archive_3d_models 150:Remapping: C:/Users/zat/OneDrive/DOC/KiCad/9.0/3dmodels/RESISTORES/Resistor Axial 0.5W - Pitch 12.7mm (500mil) - Value 220R.STEP
03-14 14:42:48 com_github_MitjaNemec_Archive3DModels.archive_3d_models 51:Getting 3D models for footprint of: G***
03-14 14:42:48 com_github_MitjaNemec_Archive3DModels.archive_3d_models 51:Getting 3D models for footprint of: R2
03-14 14:42:48 com_github_MitjaNemec_Archive3DModels.archive_3d_models 63:Trying to copy: C:/Users/zat/OneDrive/DOC/KiCad/9.0/3dmodels/RESISTORES/Resistor Axial 0.5W - Pitch 12.7mm (500mil) - Value 220R.STEP
03-14 14:42:48 com_github_MitjaNemec_Archive3DModels.archive_3d_models 150:Remapping: C:/Users/zat/OneDrive/DOC/KiCad/9.0/3dmodels/RESISTORES/Resistor Axial 0.5W - Pitch 12.7mm (500mil) - Value 220R.STEP
03-14 14:42:48 com_github_MitjaNemec_Archive3DModels.archive_3d_models 51:Getting 3D models for footprint of: L12
03-14 14:42:48 com_github_MitjaNemec_Archive3DModels.archive_3d_models 63:Trying to copy: ${KICAD9_3DMODEL_DIR}/LED_THT.3dshapes/LED_D5.0mm.step
03-14 14:42:48 com_github_MitjaNemec_Archive3DModels.archive_3d_models 146:Did not copy: ${KICAD9_3DMODEL_DIR}/LED_THT.3dshapes/LED_D5.0mm.step
03-14 14:42:48 com_github_MitjaNemec_Archive3DModels.archive_3d_models 150:Remapping: ${KICAD9_3DMODEL_DIR}/LED_THT.3dshapes/LED_D5.0mm.step
03-14 14:42:48 com_github_MitjaNemec_Archive3DModels.archive_3d_models 51:Getting 3D models for footprint of: L1
03-14 14:42:48 com_github_MitjaNemec_Archive3DModels.archive_3d_models 63:Trying to copy: ${KICAD9_3DMODEL_DIR}/LED_THT.3dshapes/LED_D5.0mm.step
03-14 14:42:48 com_github_MitjaNemec_Archive3DModels.archive_3d_models 146:Did not copy: ${KICAD9_3DMODEL_DIR}/LED_THT.3dshapes/LED_D5.0mm.step
03-14 14:42:48 com_github_MitjaNemec_Archive3DModels.archive_3d_models 150:Remapping: ${KICAD9_3DMODEL_DIR}/LED_THT.3dshapes/LED_D5.0mm.step
03-14 14:42:48 com_github_MitjaNemec_Archive3DModels.archive_3d_models 51:Getting 3D models for footprint of: R5
03-14 14:42:48 com_github_MitjaNemec_Archive3DModels.archive_3d_models 63:Trying to copy: C:/Users/zat/OneDrive/DOC/KiCad/9.0/3dmodels/RESISTORES/Resistor Axial 0.5W - Pitch 12.7mm (500mil) - Value 220R.STEP
03-14 14:42:48 com_github_MitjaNemec_Archive3DModels.archive_3d_models 150:Remapping: C:/Users/zat/OneDrive/DOC/KiCad/9.0/3dmodels/RESISTORES/Resistor Axial 0.5W - Pitch 12.7mm (500mil) - Value 220R.STEP
03-14 14:42:48 com_github_MitjaNemec_Archive3DModels.archive_3d_models 51:Getting 3D models for footprint of: R10
03-14 14:42:48 com_github_MitjaNemec_Archive3DModels.archive_3d_models 63:Trying to copy: C:/Users/zat/OneDrive/DOC/KiCad/9.0/3dmodels/RESISTORES/Resistor Axial 0.5W - Pitch 12.7mm (500mil) - Value 220R.STEP
03-14 14:42:48 com_github_MitjaNemec_Archive3DModels.archive_3d_models 150:Remapping: C:/Users/zat/OneDrive/DOC/KiCad/9.0/3dmodels/RESISTORES/Resistor Axial 0.5W - Pitch 12.7mm (500mil) - Value 220R.STEP
03-14 14:42:48 com_github_MitjaNemec_Archive3DModels.archive_3d_models 51:Getting 3D models for footprint of: L11
03-14 14:42:48 com_github_MitjaNemec_Archive3DModels.archive_3d_models 63:Trying to copy: ${KICAD9_3DMODEL_DIR}/LED_THT.3dshapes/LED_D5.0mm.step
03-14 14:42:48 com_github_MitjaNemec_Archive3DModels.archive_3d_models 146:Did not copy: ${KICAD9_3DMODEL_DIR}/LED_THT.3dshapes/LED_D5.0mm.step
03-14 14:42:48 com_github_MitjaNemec_Archive3DModels.archive_3d_models 150:Remapping: ${KICAD9_3DMODEL_DIR}/LED_THT.3dshapes/LED_D5.0mm.step
03-14 14:42:48 com_github_MitjaNemec_Archive3DModels.archive_3d_models 51:Getting 3D models for footprint of: R9
03-14 14:42:48 com_github_MitjaNemec_Archive3DModels.archive_3d_models 63:Trying to copy: C:/Users/zat/OneDrive/DOC/KiCad/9.0/3dmodels/RESISTORES/Resistor Axial 0.5W - Pitch 12.7mm (500mil) - Value 220R.STEP
03-14 14:42:48 com_github_MitjaNemec_Archive3DModels.archive_3d_models 150:Remapping: C:/Users/zat/OneDrive/DOC/KiCad/9.0/3dmodels/RESISTORES/Resistor Axial 0.5W - Pitch 12.7mm (500mil) - Value 220R.STEP
03-14 14:42:48 com_github_MitjaNemec_Archive3DModels.archive_3d_models 51:Getting 3D models for footprint of: R4
03-14 14:42:48 com_github_MitjaNemec_Archive3DModels.archive_3d_models 63:Trying to copy: C:/Users/zat/OneDrive/DOC/KiCad/9.0/3dmodels/RESISTORES/Resistor Axial 0.5W - Pitch 12.7mm (500mil) - Value 220R.STEP
03-14 14:42:48 com_github_MitjaNemec_Archive3DModels.archive_3d_models 150:Remapping: C:/Users/zat/OneDrive/DOC/KiCad/9.0/3dmodels/RESISTORES/Resistor Axial 0.5W - Pitch 12.7mm (500mil) - Value 220R.STEP
03-14 14:42:48 com_github_MitjaNemec_Archive3DModels.archive_3d_models 51:Getting 3D models for footprint of: L8
03-14 14:42:48 com_github_MitjaNemec_Archive3DModels.archive_3d_models 63:Trying to copy: ${KICAD9_3DMODEL_DIR}/LED_THT.3dshapes/LED_D5.0mm.step
03-14 14:42:48 com_github_MitjaNemec_Archive3DModels.archive_3d_models 146:Did not copy: ${KICAD9_3DMODEL_DIR}/LED_THT.3dshapes/LED_D5.0mm.step
03-14 14:42:48 com_github_MitjaNemec_Archive3DModels.archive_3d_models 150:Remapping: ${KICAD9_3DMODEL_DIR}/LED_THT.3dshapes/LED_D5.0mm.step
03-14 14:42:48 com_github_MitjaNemec_Archive3DModels.archive_3d_models 51:Getting 3D models for footprint of: L7
03-14 14:42:48 com_github_MitjaNemec_Archive3DModels.archive_3d_models 63:Trying to copy: ${KICAD9_3DMODEL_DIR}/LED_THT.3dshapes/LED_D5.0mm.step
03-14 14:42:48 com_github_MitjaNemec_Archive3DModels.archive_3d_models 146:Did not copy: ${KICAD9_3DMODEL_DIR}/LED_THT.3dshapes/LED_D5.0mm.step
03-14 14:42:48 com_github_MitjaNemec_Archive3DModels.archive_3d_models 150:Remapping: ${KICAD9_3DMODEL_DIR}/LED_THT.3dshapes/LED_D5.0mm.step
03-14 14:42:48 com_github_MitjaNemec_Archive3DModels.archive_3d_models 51:Getting 3D models for footprint of: R6
03-14 14:42:48 com_github_MitjaNemec_Archive3DModels.archive_3d_models 63:Trying to copy: C:/Users/zat/OneDrive/DOC/KiCad/9.0/3dmodels/RESISTORES/Resistor Axial 0.5W - Pitch 12.7mm (500mil) - Value 220R.STEP
03-14 14:42:48 com_github_MitjaNemec_Archive3DModels.archive_3d_models 150:Remapping: C:/Users/zat/OneDrive/DOC/KiCad/9.0/3dmodels/RESISTORES/Resistor Axial 0.5W - Pitch 12.7mm (500mil) - Value 220R.STEP
03-14 14:42:48 com_github_MitjaNemec_Archive3DModels.archive_3d_models 51:Getting 3D models for footprint of: L3
03-14 14:42:48 com_github_MitjaNemec_Archive3DModels.archive_3d_models 63:Trying to copy: ${KICAD9_3DMODEL_DIR}/LED_THT.3dshapes/LED_D5.0mm.step
03-14 14:42:48 com_github_MitjaNemec_Archive3DModels.archive_3d_models 146:Did not copy: ${KICAD9_3DMODEL_DIR}/LED_THT.3dshapes/LED_D5.0mm.step
03-14 14:42:48 com_github_MitjaNemec_Archive3DModels.archive_3d_models 150:Remapping: ${KICAD9_3DMODEL_DIR}/LED_THT.3dshapes/LED_D5.0mm.step
03-14 14:42:48 com_github_MitjaNemec_Archive3DModels.archive_3d_models 51:Getting 3D models for footprint of: L4
03-14 14:42:48 com_github_MitjaNemec_Archive3DModels.archive_3d_models 63:Trying to copy: ${KICAD9_3DMODEL_DIR}/LED_THT.3dshapes/LED_D5.0mm.step
03-14 14:42:48 com_github_MitjaNemec_Archive3DModels.archive_3d_models 146:Did not copy: ${KICAD9_3DMODEL_DIR}/LED_THT.3dshapes/LED_D5.0mm.step
03-14 14:42:48 com_github_MitjaNemec_Archive3DModels.archive_3d_models 150:Remapping: ${KICAD9_3DMODEL_DIR}/LED_THT.3dshapes/LED_D5.0mm.step
03-14 14:42:48 com_github_MitjaNemec_Archive3DModels.archive_3d_models 51:Getting 3D models for footprint of: L6
03-14 14:42:48 com_github_MitjaNemec_Archive3DModels.archive_3d_models 63:Trying to copy: ${KICAD9_3DMODEL_DIR}/LED_THT.3dshapes/LED_D5.0mm.step
03-14 14:42:48 com_github_MitjaNemec_Archive3DModels.archive_3d_models 146:Did not copy: ${KICAD9_3DMODEL_DIR}/LED_THT.3dshapes/LED_D5.0mm.step
03-14 14:42:48 com_github_MitjaNemec_Archive3DModels.archive_3d_models 150:Remapping: ${KICAD9_3DMODEL_DIR}/LED_THT.3dshapes/LED_D5.0mm.step
03-14 14:42:48 com_github_MitjaNemec_Archive3DModels.archive_3d_models 51:Getting 3D models for footprint of: G***
03-14 14:42:48 com_github_MitjaNemec_Archive3DModels.archive_3d_models 164:Did not succeed to copy 3D models!
('L2', '${KICAD9_3DMODEL_DIR}\\LED_THT.3dshapes\\LED_D5.0mm.step')
('L10', '${KICAD9_3DMODEL_DIR}\\LED_THT.3dshapes\\LED_D5.0mm.step')
('L5', '${KICAD9_3DMODEL_DIR}\\LED_THT.3dshapes\\LED_D5.0mm.step')
('L12', '${KICAD9_3DMODEL_DIR}\\LED_THT.3dshapes\\LED_D5.0mm.step')
('L1', '${KICAD9_3DMODEL_DIR}\\LED_THT.3dshapes\\LED_D5.0mm.step')
('L11', '${KICAD9_3DMODEL_DIR}\\LED_THT.3dshapes\\LED_D5.0mm.step')
('L8', '${KICAD9_3DMODEL_DIR}\\LED_THT.3dshapes\\LED_D5.0mm.step')
('L7', '${KICAD9_3DMODEL_DIR}\\LED_THT.3dshapes\\LED_D5.0mm.step')
('L3', '${KICAD9_3DMODEL_DIR}\\LED_THT.3dshapes\\LED_D5.0mm.step')
('L4', '${KICAD9_3DMODEL_DIR}\\LED_THT.3dshapes\\LED_D5.0mm.step')
('L6', '${KICAD9_3DMODEL_DIR}\\LED_THT.3dshapes\\LED_D5.0mm.step')
